[2025-12-21 15:28:13,125] {taskinstance.py:1032} INFO - Dependencies all met for <TaskInstance: data_processing_pipeline.execute_query_1 manual__2025-12-21T15:23:52.630005+00:00 [queued]>
[2025-12-21 15:28:13,435] {taskinstance.py:1032} INFO - Dependencies all met for <TaskInstance: data_processing_pipeline.execute_query_1 manual__2025-12-21T15:23:52.630005+00:00 [queued]>
[2025-12-21 15:28:13,442] {taskinstance.py:1238} INFO - 
--------------------------------------------------------------------------------
[2025-12-21 15:28:13,447] {taskinstance.py:1239} INFO - Starting attempt 1 of 2
[2025-12-21 15:28:13,448] {taskinstance.py:1240} INFO - 
--------------------------------------------------------------------------------
[2025-12-21 15:28:13,690] {taskinstance.py:1259} INFO - Executing <Task(PythonOperator): execute_query_1> on 2025-12-21 15:23:52.630005+00:00
[2025-12-21 15:28:13,803] {standard_task_runner.py:52} INFO - Started process 5273 to run task
[2025-12-21 15:28:13,859] {standard_task_runner.py:76} INFO - Running: ['***', 'tasks', 'run', 'data_processing_pipeline', 'execute_query_1', 'manual__2025-12-21T15:23:52.630005+00:00', '--job-id', '29', '--raw', '--subdir', 'DAGS_FOLDER/data_processing_dag.py', '--cfg-path', '/tmp/tmp65r1xex5', '--error-file', '/tmp/tmp5eerqq6u']
[2025-12-21 15:28:13,872] {standard_task_runner.py:77} INFO - Job 29: Subtask execute_query_1
[2025-12-21 15:28:14,767] {logging_mixin.py:109} INFO - Running <TaskInstance: data_processing_pipeline.execute_query_1 manual__2025-12-21T15:23:52.630005+00:00 [running]> on host 95a6c5e34ae7
[2025-12-21 15:28:16,154] {taskinstance.py:1426} INFO - Exporting the following env vars:
AIRFLOW_CTX_DAG_OWNER=***
AIRFLOW_CTX_DAG_ID=data_processing_pipeline
AIRFLOW_CTX_TASK_ID=execute_query_1
AIRFLOW_CTX_EXECUTION_DATE=2025-12-21T15:23:52.630005+00:00
AIRFLOW_CTX_DAG_RUN_ID=manual__2025-12-21T15:23:52.630005+00:00
[2025-12-21 15:28:16,327] {base.py:79} INFO - Using connection to: id: postgres_default. Host: host.docker.internal, Port: 5432, Schema: postgres, Login: postgres, Password: ***, extra: {}
[2025-12-21 15:28:17,933] {logging_mixin.py:109} INFO - Результат запроса 1 сохранен в /opt/***/dags/out/query1_result.csv
[2025-12-21 15:28:17,947] {logging_mixin.py:109} INFO - Количество строк: 6
[2025-12-21 15:28:17,948] {python.py:175} INFO - Done. Returned value was: 6
[2025-12-21 15:28:18,282] {taskinstance.py:1277} INFO - Marking task as SUCCESS. dag_id=data_processing_pipeline, task_id=execute_query_1, execution_date=20251221T152352, start_date=20251221T152813, end_date=20251221T152818
[2025-12-21 15:28:18,599] {local_task_job.py:154} INFO - Task exited with return code 0
[2025-12-21 15:28:19,081] {local_task_job.py:264} INFO - 1 downstream tasks scheduled from follow-on schedule check
