[2025-12-21 15:28:34,854] {taskinstance.py:1032} INFO - Dependencies all met for <TaskInstance: data_processing_pipeline.check_query_1_results manual__2025-12-21T15:23:52.630005+00:00 [queued]>
[2025-12-21 15:28:34,992] {taskinstance.py:1032} INFO - Dependencies all met for <TaskInstance: data_processing_pipeline.check_query_1_results manual__2025-12-21T15:23:52.630005+00:00 [queued]>
[2025-12-21 15:28:35,000] {taskinstance.py:1238} INFO - 
--------------------------------------------------------------------------------
[2025-12-21 15:28:35,001] {taskinstance.py:1239} INFO - Starting attempt 1 of 2
[2025-12-21 15:28:35,002] {taskinstance.py:1240} INFO - 
--------------------------------------------------------------------------------
[2025-12-21 15:28:35,934] {taskinstance.py:1259} INFO - Executing <Task(PythonOperator): check_query_1_results> on 2025-12-21 15:23:52.630005+00:00
[2025-12-21 15:28:36,019] {standard_task_runner.py:52} INFO - Started process 5284 to run task
[2025-12-21 15:28:36,038] {standard_task_runner.py:76} INFO - Running: ['***', 'tasks', 'run', 'data_processing_pipeline', 'check_query_1_results', 'manual__2025-12-21T15:23:52.630005+00:00', '--job-id', '30', '--raw', '--subdir', 'DAGS_FOLDER/data_processing_dag.py', '--cfg-path', '/tmp/tmp7yjskmwj', '--error-file', '/tmp/tmp2ve9mv4q']
[2025-12-21 15:28:36,066] {standard_task_runner.py:77} INFO - Job 30: Subtask check_query_1_results
[2025-12-21 15:28:37,069] {logging_mixin.py:109} INFO - Running <TaskInstance: data_processing_pipeline.check_query_1_results manual__2025-12-21T15:23:52.630005+00:00 [running]> on host 95a6c5e34ae7
[2025-12-21 15:28:38,448] {taskinstance.py:1426} INFO - Exporting the following env vars:
AIRFLOW_CTX_DAG_OWNER=***
AIRFLOW_CTX_DAG_ID=data_processing_pipeline
AIRFLOW_CTX_TASK_ID=check_query_1_results
AIRFLOW_CTX_EXECUTION_DATE=2025-12-21T15:23:52.630005+00:00
AIRFLOW_CTX_DAG_RUN_ID=manual__2025-12-21T15:23:52.630005+00:00
[2025-12-21 15:28:38,489] {warnings.py:99} WARNING - /home/***/.local/lib/python3.6/site-packages/***/utils/context.py:152: AirflowContextDeprecationWarning: Accessing 'execution_date' from the template is deprecated and will be removed in a future version. Please use 'data_interval_start' or 'logical_date' instead.
  warnings.warn(_create_deprecation_warning(key, self._deprecation_replacements[key]))

[2025-12-21 15:28:38,506] {warnings.py:99} WARNING - /home/***/.local/lib/python3.6/site-packages/***/utils/context.py:152: AirflowContextDeprecationWarning: Accessing 'next_ds' from the template is deprecated and will be removed in a future version. Please use '{{ data_interval_end | ds }}' instead.
  warnings.warn(_create_deprecation_warning(key, self._deprecation_replacements[key]))

[2025-12-21 15:28:38,535] {warnings.py:99} WARNING - /home/***/.local/lib/python3.6/site-packages/***/utils/context.py:152: AirflowContextDeprecationWarning: Accessing 'next_ds_nodash' from the template is deprecated and will be removed in a future version. Please use '{{ data_interval_end | ds_nodash }}' instead.
  warnings.warn(_create_deprecation_warning(key, self._deprecation_replacements[key]))

[2025-12-21 15:28:38,548] {warnings.py:99} WARNING - /home/***/.local/lib/python3.6/site-packages/***/utils/context.py:152: AirflowContextDeprecationWarning: Accessing 'next_execution_date' from the template is deprecated and will be removed in a future version. Please use 'data_interval_end' instead.
  warnings.warn(_create_deprecation_warning(key, self._deprecation_replacements[key]))

[2025-12-21 15:28:38,578] {warnings.py:99} WARNING - /home/***/.local/lib/python3.6/site-packages/***/utils/context.py:152: AirflowContextDeprecationWarning: Accessing 'prev_ds' from the template is deprecated and will be removed in a future version.
  warnings.warn(_create_deprecation_warning(key, self._deprecation_replacements[key]))

[2025-12-21 15:28:38,580] {warnings.py:99} WARNING - /home/***/.local/lib/python3.6/site-packages/***/utils/context.py:152: AirflowContextDeprecationWarning: Accessing 'prev_ds_nodash' from the template is deprecated and will be removed in a future version.
  warnings.warn(_create_deprecation_warning(key, self._deprecation_replacements[key]))

[2025-12-21 15:28:38,589] {warnings.py:99} WARNING - /home/***/.local/lib/python3.6/site-packages/***/utils/context.py:152: AirflowContextDeprecationWarning: Accessing 'prev_execution_date' from the template is deprecated and will be removed in a future version.
  warnings.warn(_create_deprecation_warning(key, self._deprecation_replacements[key]))

[2025-12-21 15:28:38,602] {warnings.py:99} WARNING - /home/***/.local/lib/python3.6/site-packages/***/utils/context.py:152: AirflowContextDeprecationWarning: Accessing 'prev_execution_date_success' from the template is deprecated and will be removed in a future version. Please use 'prev_data_interval_start_success' instead.
  warnings.warn(_create_deprecation_warning(key, self._deprecation_replacements[key]))

[2025-12-21 15:28:38,608] {warnings.py:99} WARNING - /home/***/.local/lib/python3.6/site-packages/***/utils/context.py:152: AirflowContextDeprecationWarning: Accessing 'tomorrow_ds' from the template is deprecated and will be removed in a future version.
  warnings.warn(_create_deprecation_warning(key, self._deprecation_replacements[key]))

[2025-12-21 15:28:38,615] {warnings.py:99} WARNING - /home/***/.local/lib/python3.6/site-packages/***/utils/context.py:152: AirflowContextDeprecationWarning: Accessing 'tomorrow_ds_nodash' from the template is deprecated and will be removed in a future version.
  warnings.warn(_create_deprecation_warning(key, self._deprecation_replacements[key]))

[2025-12-21 15:28:38,629] {warnings.py:99} WARNING - /home/***/.local/lib/python3.6/site-packages/***/utils/context.py:152: AirflowContextDeprecationWarning: Accessing 'yesterday_ds' from the template is deprecated and will be removed in a future version.
  warnings.warn(_create_deprecation_warning(key, self._deprecation_replacements[key]))

[2025-12-21 15:28:38,636] {warnings.py:99} WARNING - /home/***/.local/lib/python3.6/site-packages/***/utils/context.py:152: AirflowContextDeprecationWarning: Accessing 'yesterday_ds_nodash' from the template is deprecated and will be removed in a future version.
  warnings.warn(_create_deprecation_warning(key, self._deprecation_replacements[key]))

[2025-12-21 15:28:38,832] {logging_mixin.py:109} INFO - УСПЕШНО: Запрос 1 вернул 6 строк
[2025-12-21 15:28:38,841] {python.py:175} INFO - Done. Returned value was: None
[2025-12-21 15:28:39,128] {taskinstance.py:1277} INFO - Marking task as SUCCESS. dag_id=data_processing_pipeline, task_id=check_query_1_results, execution_date=20251221T152352, start_date=20251221T152834, end_date=20251221T152839
[2025-12-21 15:28:39,719] {local_task_job.py:154} INFO - Task exited with return code 0
[2025-12-21 15:28:40,649] {local_task_job.py:264} INFO - 0 downstream tasks scheduled from follow-on schedule check
