[2025-12-21 15:24:01,849] {taskinstance.py:1032} INFO - Dependencies all met for <TaskInstance: data_processing_pipeline.load_customer_data manual__2025-12-21T15:23:52.630005+00:00 [queued]>
[2025-12-21 15:24:01,960] {taskinstance.py:1032} INFO - Dependencies all met for <TaskInstance: data_processing_pipeline.load_customer_data manual__2025-12-21T15:23:52.630005+00:00 [queued]>
[2025-12-21 15:24:01,968] {taskinstance.py:1238} INFO - 
--------------------------------------------------------------------------------
[2025-12-21 15:24:01,969] {taskinstance.py:1239} INFO - Starting attempt 1 of 2
[2025-12-21 15:24:01,971] {taskinstance.py:1240} INFO - 
--------------------------------------------------------------------------------
[2025-12-21 15:24:02,052] {taskinstance.py:1259} INFO - Executing <Task(PythonOperator): load_customer_data> on 2025-12-21 15:23:52.630005+00:00
[2025-12-21 15:24:02,138] {standard_task_runner.py:52} INFO - Started process 5148 to run task
[2025-12-21 15:24:02,167] {standard_task_runner.py:76} INFO - Running: ['***', 'tasks', 'run', 'data_processing_pipeline', 'load_customer_data', 'manual__2025-12-21T15:23:52.630005+00:00', '--job-id', '26', '--raw', '--subdir', 'DAGS_FOLDER/data_processing_dag.py', '--cfg-path', '/tmp/tmpsinbrq21', '--error-file', '/tmp/tmprkjrjron']
[2025-12-21 15:24:02,170] {standard_task_runner.py:77} INFO - Job 26: Subtask load_customer_data
[2025-12-21 15:24:02,604] {logging_mixin.py:109} INFO - Running <TaskInstance: data_processing_pipeline.load_customer_data manual__2025-12-21T15:23:52.630005+00:00 [running]> on host 95a6c5e34ae7
[2025-12-21 15:24:03,088] {taskinstance.py:1426} INFO - Exporting the following env vars:
AIRFLOW_CTX_DAG_OWNER=***
AIRFLOW_CTX_DAG_ID=data_processing_pipeline
AIRFLOW_CTX_TASK_ID=load_customer_data
AIRFLOW_CTX_EXECUTION_DATE=2025-12-21T15:23:52.630005+00:00
AIRFLOW_CTX_DAG_RUN_ID=manual__2025-12-21T15:23:52.630005+00:00
[2025-12-21 15:24:03,547] {base.py:79} INFO - Using connection to: id: postgres_default. Host: host.docker.internal, Port: 5432, Schema: postgres, Login: postgres, Password: ***, extra: {}
[2025-12-21 15:24:59,662] {logging_mixin.py:109} INFO - Загружено 4000 записей в таблицу mipt.customer
[2025-12-21 15:24:59,665] {python.py:175} INFO - Done. Returned value was: None
[2025-12-21 15:24:59,716] {taskinstance.py:1277} INFO - Marking task as SUCCESS. dag_id=data_processing_pipeline, task_id=load_customer_data, execution_date=20251221T152352, start_date=20251221T152401, end_date=20251221T152459
[2025-12-21 15:24:59,814] {local_task_job.py:154} INFO - Task exited with return code 0
[2025-12-21 15:25:00,041] {local_task_job.py:264} INFO - 0 downstream tasks scheduled from follow-on schedule check
