[2025-12-21 15:24:01,184] {taskinstance.py:1032} INFO - Dependencies all met for <TaskInstance: data_processing_pipeline.load_product_data manual__2025-12-21T15:23:52.630005+00:00 [queued]>
[2025-12-21 15:24:01,289] {taskinstance.py:1032} INFO - Dependencies all met for <TaskInstance: data_processing_pipeline.load_product_data manual__2025-12-21T15:23:52.630005+00:00 [queued]>
[2025-12-21 15:24:01,291] {taskinstance.py:1238} INFO - 
--------------------------------------------------------------------------------
[2025-12-21 15:24:01,296] {taskinstance.py:1239} INFO - Starting attempt 1 of 2
[2025-12-21 15:24:01,301] {taskinstance.py:1240} INFO - 
--------------------------------------------------------------------------------
[2025-12-21 15:24:01,476] {taskinstance.py:1259} INFO - Executing <Task(PythonOperator): load_product_data> on 2025-12-21 15:23:52.630005+00:00
[2025-12-21 15:24:01,489] {standard_task_runner.py:52} INFO - Started process 5146 to run task
[2025-12-21 15:24:01,539] {standard_task_runner.py:76} INFO - Running: ['***', 'tasks', 'run', 'data_processing_pipeline', 'load_product_data', 'manual__2025-12-21T15:23:52.630005+00:00', '--job-id', '22', '--raw', '--subdir', 'DAGS_FOLDER/data_processing_dag.py', '--cfg-path', '/tmp/tmp4yywfvow', '--error-file', '/tmp/tmpks9am883']
[2025-12-21 15:24:01,541] {standard_task_runner.py:77} INFO - Job 22: Subtask load_product_data
[2025-12-21 15:24:01,861] {logging_mixin.py:109} INFO - Running <TaskInstance: data_processing_pipeline.load_product_data manual__2025-12-21T15:23:52.630005+00:00 [running]> on host 95a6c5e34ae7
[2025-12-21 15:24:02,395] {taskinstance.py:1426} INFO - Exporting the following env vars:
AIRFLOW_CTX_DAG_OWNER=***
AIRFLOW_CTX_DAG_ID=data_processing_pipeline
AIRFLOW_CTX_TASK_ID=load_product_data
AIRFLOW_CTX_EXECUTION_DATE=2025-12-21T15:23:52.630005+00:00
AIRFLOW_CTX_DAG_RUN_ID=manual__2025-12-21T15:23:52.630005+00:00
[2025-12-21 15:24:02,785] {base.py:79} INFO - Using connection to: id: postgres_default. Host: host.docker.internal, Port: 5432, Schema: postgres, Login: postgres, Password: ***, extra: {}
[2025-12-21 15:24:04,778] {logging_mixin.py:109} INFO - Загружено 190 записей в таблицу mipt.product
[2025-12-21 15:24:04,782] {python.py:175} INFO - Done. Returned value was: None
[2025-12-21 15:24:05,271] {taskinstance.py:1277} INFO - Marking task as SUCCESS. dag_id=data_processing_pipeline, task_id=load_product_data, execution_date=20251221T152352, start_date=20251221T152401, end_date=20251221T152405
[2025-12-21 15:24:05,434] {local_task_job.py:154} INFO - Task exited with return code 0
[2025-12-21 15:24:05,713] {local_task_job.py:264} INFO - 0 downstream tasks scheduled from follow-on schedule check
