[2025-12-21 15:24:02,933] {taskinstance.py:1032} INFO - Dependencies all met for <TaskInstance: data_processing_pipeline.load_order_items_data manual__2025-12-21T15:23:52.630005+00:00 [queued]>
[2025-12-21 15:24:03,233] {taskinstance.py:1032} INFO - Dependencies all met for <TaskInstance: data_processing_pipeline.load_order_items_data manual__2025-12-21T15:23:52.630005+00:00 [queued]>
[2025-12-21 15:24:03,248] {taskinstance.py:1238} INFO - 
--------------------------------------------------------------------------------
[2025-12-21 15:24:03,260] {taskinstance.py:1239} INFO - Starting attempt 1 of 2
[2025-12-21 15:24:03,276] {taskinstance.py:1240} INFO - 
--------------------------------------------------------------------------------
[2025-12-21 15:24:03,575] {taskinstance.py:1259} INFO - Executing <Task(PythonOperator): load_order_items_data> on 2025-12-21 15:23:52.630005+00:00
[2025-12-21 15:24:03,642] {standard_task_runner.py:52} INFO - Started process 5152 to run task
[2025-12-21 15:24:03,664] {standard_task_runner.py:76} INFO - Running: ['***', 'tasks', 'run', 'data_processing_pipeline', 'load_order_items_data', 'manual__2025-12-21T15:23:52.630005+00:00', '--job-id', '28', '--raw', '--subdir', 'DAGS_FOLDER/data_processing_dag.py', '--cfg-path', '/tmp/tmpvcjptpkf', '--error-file', '/tmp/tmpg9_it1w6']
[2025-12-21 15:24:03,672] {standard_task_runner.py:77} INFO - Job 28: Subtask load_order_items_data
[2025-12-21 15:24:04,165] {logging_mixin.py:109} INFO - Running <TaskInstance: data_processing_pipeline.load_order_items_data manual__2025-12-21T15:23:52.630005+00:00 [running]> on host 95a6c5e34ae7
[2025-12-21 15:24:04,689] {taskinstance.py:1426} INFO - Exporting the following env vars:
AIRFLOW_CTX_DAG_OWNER=***
AIRFLOW_CTX_DAG_ID=data_processing_pipeline
AIRFLOW_CTX_TASK_ID=load_order_items_data
AIRFLOW_CTX_EXECUTION_DATE=2025-12-21T15:23:52.630005+00:00
AIRFLOW_CTX_DAG_RUN_ID=manual__2025-12-21T15:23:52.630005+00:00
[2025-12-21 15:24:05,255] {base.py:79} INFO - Using connection to: id: postgres_default. Host: host.docker.internal, Port: 5432, Schema: postgres, Login: postgres, Password: ***, extra: {}
[2025-12-21 15:27:54,147] {logging_mixin.py:109} INFO - Загружено 20000 записей в таблицу mipt.order_items
[2025-12-21 15:27:54,149] {python.py:175} INFO - Done. Returned value was: None
[2025-12-21 15:27:54,734] {taskinstance.py:1277} INFO - Marking task as SUCCESS. dag_id=data_processing_pipeline, task_id=load_order_items_data, execution_date=20251221T152352, start_date=20251221T152403, end_date=20251221T152754
[2025-12-21 15:27:55,222] {local_task_job.py:154} INFO - Task exited with return code 0
[2025-12-21 15:27:56,795] {local_task_job.py:264} INFO - 2 downstream tasks scheduled from follow-on schedule check
